src/Level-4-Individual-Project/Library/Bee/Android/Prj/IL2CPP/Gradle/launcher/build/intermediates/manifest_merge_blame_file/release/processReleaseMainManifest/manifest-merger-blame-release-report.txt
1<?xml version="1.0" encoding="utf-8"?>
2<manifest xmlns:android="http://schemas.android.com/apk/res/android"
3    package="com.DefaultCompany.Level4IndividualProject"
4    android:installLocation="auto"
5    android:versionCode="1"
6    android:versionName="0.1" >
7
8    <uses-sdk
9        android:minSdkVersion="29"
10        android:targetSdkVersion="32" />
11
12    <supports-screens
12-->src\main\AndroidManifest.xml:4:3-163
13        android:anyDensity="true"
13-->src\main\AndroidManifest.xml:4:135-160
14        android:largeScreens="true"
14-->src\main\AndroidManifest.xml:4:78-105
15        android:normalScreens="true"
15-->src\main\AndroidManifest.xml:4:49-77
16        android:smallScreens="true"
16-->src\main\AndroidManifest.xml:4:21-48
17        android:xlargeScreens="true" />
17-->src\main\AndroidManifest.xml:4:106-134
18
19    <uses-permission android:name="android.permission.INTERNET" />
19-->[:unityLibrary] AndroidManifest.xml:9:5-67
19-->[:unityLibrary] AndroidManifest.xml:9:22-64
20
21    <uses-feature
21-->[:unityLibrary] AndroidManifest.xml:11:5-14:31
22        android:name="android.hardware.vr.headtracking"
22-->[:unityLibrary] AndroidManifest.xml:12:9-56
23        android:required="true"
23-->[:unityLibrary] AndroidManifest.xml:13:9-32
24        android:version="1" />
24-->[:unityLibrary] AndroidManifest.xml:14:9-28
25    <uses-feature
25-->[:unityLibrary] AndroidManifest.xml:15:5-17:35
26        android:name="android.hardware.vulkan.version"
26-->[:unityLibrary] AndroidManifest.xml:16:9-55
27        android:required="true" />
27-->[:unityLibrary] AndroidManifest.xml:17:9-32
28    <uses-feature
28-->[:unityLibrary] AndroidManifest.xml:18:5-20:36
29        android:name="android.hardware.touchscreen"
29-->[:unityLibrary] AndroidManifest.xml:19:9-52
30        android:required="false" />
30-->[:unityLibrary] AndroidManifest.xml:20:9-33
31    <uses-feature
31-->[:unityLibrary] AndroidManifest.xml:21:5-23:36
32        android:name="android.hardware.touchscreen.multitouch"
32-->[:unityLibrary] AndroidManifest.xml:22:9-63
33        android:required="false" />
33-->[:unityLibrary] AndroidManifest.xml:23:9-33
34    <uses-feature
34-->[:unityLibrary] AndroidManifest.xml:24:5-26:36
35        android:name="android.hardware.touchscreen.multitouch.distinct"
35-->[:unityLibrary] AndroidManifest.xml:25:9-72
36        android:required="false" />
36-->[:unityLibrary] AndroidManifest.xml:26:9-33
37    <uses-feature
37-->[:unityLibrary] AndroidManifest.xml:27:5-29:36
38        android:name="oculus.software.handtracking"
38-->[:unityLibrary] AndroidManifest.xml:28:9-52
39        android:required="false" />
39-->[:unityLibrary] AndroidManifest.xml:29:9-33
40
41    <uses-permission android:name="com.oculus.permission.HAND_TRACKING" />
41-->[:unityLibrary] AndroidManifest.xml:31:5-75
41-->[:unityLibrary] AndroidManifest.xml:31:22-72
42    <uses-permission android:name="com.oculus.permission.USE_ANCHOR_API" />
42-->[:unityLibrary] AndroidManifest.xml:32:5-76
42-->[:unityLibrary] AndroidManifest.xml:32:22-73
43
44    <uses-feature
44-->[:unityLibrary] AndroidManifest.xml:34:5-36:36
45        android:name="com.oculus.feature.PASSTHROUGH"
45-->[:unityLibrary] AndroidManifest.xml:35:9-54
46        android:required="false" />
46-->[:unityLibrary] AndroidManifest.xml:36:9-33
47
48    <uses-permission android:name="com.oculus.permission.USE_SCENE" />
48-->[:unityLibrary] AndroidManifest.xml:38:5-71
48-->[:unityLibrary] AndroidManifest.xml:38:22-68
49
50    <application
50-->src\main\AndroidManifest.xml:3:3-83
51        android:allowBackup="false"
51-->[:unityLibrary] AndroidManifest.xml:41:9-36
52        android:appComponentFactory="androidx.core.app.CoreComponentFactory"
52-->[androidx.core:core:1.8.0] AndroidManifest.xml:24:18-86
53        android:extractNativeLibs="true"
54        android:icon="@mipmap/app_icon"
54-->src\main\AndroidManifest.xml:3:16-47
55        android:label="@string/app_name"
55-->src\main\AndroidManifest.xml:3:48-80
56        android:networkSecurityConfig="@xml/network_sec_config" >
56-->[:unityLibrary] AndroidManifest.xml:45:9-64
57        <meta-data
57-->[:unityLibrary] AndroidManifest.xml:46:9-48:37
58            android:name="unityplayer.SkipPermissionsDialog"
58-->[:unityLibrary] AndroidManifest.xml:47:13-61
59            android:value="false" />
59-->[:unityLibrary] AndroidManifest.xml:48:13-34
60        <meta-data
60-->[:unityLibrary] AndroidManifest.xml:49:9-51:39
61            android:name="com.samsung.android.vr.application.mode"
61-->[:unityLibrary] AndroidManifest.xml:50:13-67
62            android:value="vr_only" />
62-->[:unityLibrary] AndroidManifest.xml:51:13-36
63        <meta-data
63-->[:unityLibrary] AndroidManifest.xml:52:9-54:54
64            android:name="com.oculus.ossplash.background"
64-->[:unityLibrary] AndroidManifest.xml:53:13-58
65            android:value="passthrough-contextual" />
65-->[:unityLibrary] AndroidManifest.xml:54:13-51
66        <meta-data
66-->[:unityLibrary] AndroidManifest.xml:55:9-57:68
67            android:name="com.oculus.telemetry.project_guid"
67-->[:unityLibrary] AndroidManifest.xml:56:13-61
68            android:value="28ce832a-9d0e-42bd-bbdc-67789bf988fd" />
68-->[:unityLibrary] AndroidManifest.xml:57:13-65
69        <meta-data
69-->[:unityLibrary] AndroidManifest.xml:58:9-60:62
70            android:name="com.oculus.supportedDevices"
70-->[:unityLibrary] AndroidManifest.xml:59:13-55
71            android:value="quest2|questpro|quest3|quest3s" />
71-->[:unityLibrary] AndroidManifest.xml:60:13-59
72        <meta-data
72-->[:unityLibrary] AndroidManifest.xml:61:9-63:33
73            android:name="unity.splash-mode"
73-->[:unityLibrary] AndroidManifest.xml:62:13-45
74            android:value="0" />
74-->[:unityLibrary] AndroidManifest.xml:63:13-30
75        <meta-data
75-->[:unityLibrary] AndroidManifest.xml:64:9-66:36
76            android:name="unity.splash-enable"
76-->[:unityLibrary] AndroidManifest.xml:65:13-47
77            android:value="True" />
77-->[:unityLibrary] AndroidManifest.xml:66:13-33
78        <meta-data
78-->[:unityLibrary] AndroidManifest.xml:67:9-69:36
79            android:name="unity.launch-fullscreen"
79-->[:unityLibrary] AndroidManifest.xml:68:13-51
80            android:value="True" />
80-->[:unityLibrary] AndroidManifest.xml:69:13-33
81        <meta-data
81-->[:unityLibrary] AndroidManifest.xml:70:9-72:36
82            android:name="unity.render-outside-safearea"
82-->[:unityLibrary] AndroidManifest.xml:71:13-57
83            android:value="True" />
83-->[:unityLibrary] AndroidManifest.xml:72:13-33
84        <meta-data
84-->[:unityLibrary] AndroidManifest.xml:73:9-75:50
85            android:name="notch.config"
85-->[:unityLibrary] AndroidManifest.xml:74:13-40
86            android:value="portrait|landscape" />
86-->[:unityLibrary] AndroidManifest.xml:75:13-47
87        <meta-data
87-->[:unityLibrary] AndroidManifest.xml:76:9-78:36
88            android:name="unity.auto-report-fully-drawn"
88-->[:unityLibrary] AndroidManifest.xml:77:13-57
89            android:value="true" />
89-->[:unityLibrary] AndroidManifest.xml:78:13-33
90        <meta-data
90-->[:unityLibrary] AndroidManifest.xml:79:9-81:36
91            android:name="unity.auto-set-game-state"
91-->[:unityLibrary] AndroidManifest.xml:80:13-53
92            android:value="true" />
92-->[:unityLibrary] AndroidManifest.xml:81:13-33
93        <meta-data
93-->[:unityLibrary] AndroidManifest.xml:82:9-84:36
94            android:name="unity.strip-engine-code"
94-->[:unityLibrary] AndroidManifest.xml:83:13-51
95            android:value="true" />
95-->[:unityLibrary] AndroidManifest.xml:84:13-33
96
97        <activity
97-->[:unityLibrary] AndroidManifest.xml:86:9-116:20
98            android:name="com.unity3d.player.UnityPlayerGameActivity"
98-->[:unityLibrary] AndroidManifest.xml:87:13-70
99            android:configChanges="keyboard|keyboardHidden|navigation|orientation|screenLayout|screenSize|uiMode|density"
99-->[:unityLibrary] AndroidManifest.xml:88:13-122
100            android:enabled="true"
100-->[:unityLibrary] AndroidManifest.xml:89:13-35
101            android:excludeFromRecents="true"
101-->[:unityLibrary] AndroidManifest.xml:90:13-46
102            android:exported="true"
102-->[:unityLibrary] AndroidManifest.xml:91:13-36
103            android:hardwareAccelerated="false"
103-->[:unityLibrary] AndroidManifest.xml:92:13-48
104            android:launchMode="singleTask"
104-->[:unityLibrary] AndroidManifest.xml:93:13-44
105            android:resizeableActivity="false"
105-->[:unityLibrary] AndroidManifest.xml:94:13-47
106            android:screenOrientation="landscape"
106-->[:unityLibrary] AndroidManifest.xml:95:13-50
107            android:theme="@style/BaseUnityGameActivityTheme" >
107-->[:unityLibrary] AndroidManifest.xml:96:13-62
108            <intent-filter>
108-->[:unityLibrary] AndroidManifest.xml:97:13-102:29
109                <category android:name="android.intent.category.LAUNCHER" />
109-->[:unityLibrary] AndroidManifest.xml:98:17-77
109-->[:unityLibrary] AndroidManifest.xml:98:27-74
110                <category android:name="com.oculus.intent.category.VR" />
110-->[:unityLibrary] AndroidManifest.xml:99:17-74
110-->[:unityLibrary] AndroidManifest.xml:99:27-71
111
112                <action android:name="android.intent.action.MAIN" />
112-->[:unityLibrary] AndroidManifest.xml:101:17-69
112-->[:unityLibrary] AndroidManifest.xml:101:25-66
113            </intent-filter>
114
115            <meta-data
115-->[:unityLibrary] AndroidManifest.xml:104:13-106:40
116                android:name="com.oculus.vr.focusaware"
116-->[:unityLibrary] AndroidManifest.xml:105:17-56
117                android:value="true" />
117-->[:unityLibrary] AndroidManifest.xml:106:17-37
118            <meta-data
118-->[:unityLibrary] AndroidManifest.xml:107:13-109:71
119                android:name="WindowManagerPreference:FreeformWindowSize"
119-->[:unityLibrary] AndroidManifest.xml:108:17-74
120                android:value="@string/FreeformWindowSize_maximize" />
120-->[:unityLibrary] AndroidManifest.xml:109:17-68
121            <meta-data
121-->[:unityLibrary] AndroidManifest.xml:110:13-112:79
122                android:name="WindowManagerPreference:FreeformWindowOrientation"
122-->[:unityLibrary] AndroidManifest.xml:111:17-81
123                android:value="@string/FreeformWindowOrientation_landscape" />
123-->[:unityLibrary] AndroidManifest.xml:112:17-76
124            <meta-data
124-->[:unityLibrary] AndroidManifest.xml:113:13-115:40
125                android:name="notch_support"
125-->[:unityLibrary] AndroidManifest.xml:114:17-45
126                android:value="true" />
126-->[:unityLibrary] AndroidManifest.xml:115:17-37
127        </activity>
128
129        <meta-data
129-->[:unityLibrary] AndroidManifest.xml:118:9-120:37
130            android:name="com.unity.xr.oculus.LowOverheadMode"
130-->[:unityLibrary] AndroidManifest.xml:119:13-63
131            android:value="false" />
131-->[:unityLibrary] AndroidManifest.xml:120:13-34
132        <meta-data
132-->[:unityLibrary] AndroidManifest.xml:121:9-123:37
133            android:name="com.unity.xr.oculus.LateLatching"
133-->[:unityLibrary] AndroidManifest.xml:122:13-60
134            android:value="false" />
134-->[:unityLibrary] AndroidManifest.xml:123:13-34
135        <meta-data
135-->[:unityLibrary] AndroidManifest.xml:124:9-126:37
136            android:name="com.unity.xr.oculus.LateLatchingDebug"
136-->[:unityLibrary] AndroidManifest.xml:125:13-65
137            android:value="false" />
137-->[:unityLibrary] AndroidManifest.xml:126:13-34
138        <meta-data
138-->[:unityLibrary] AndroidManifest.xml:127:9-129:35
139            android:name="com.oculus.handtracking.frequency"
139-->[:unityLibrary] AndroidManifest.xml:128:13-61
140            android:value="LOW" />
140-->[:unityLibrary] AndroidManifest.xml:129:13-32
141        <meta-data
141-->[:unityLibrary] AndroidManifest.xml:130:9-132:36
142            android:name="com.oculus.handtracking.version"
142-->[:unityLibrary] AndroidManifest.xml:131:13-59
143            android:value="V2.0" />
143-->[:unityLibrary] AndroidManifest.xml:132:13-33
144
145        <provider
145-->[androidx.emoji2:emoji2:1.2.0] AndroidManifest.xml:24:9-32:20
146            android:name="androidx.startup.InitializationProvider"
146-->[androidx.emoji2:emoji2:1.2.0] AndroidManifest.xml:25:13-67
147            android:authorities="com.DefaultCompany.Level4IndividualProject.androidx-startup"
147-->[androidx.emoji2:emoji2:1.2.0] AndroidManifest.xml:26:13-68
148            android:exported="false" >
148-->[androidx.emoji2:emoji2:1.2.0] AndroidManifest.xml:27:13-37
149            <meta-data
149-->[androidx.emoji2:emoji2:1.2.0] AndroidManifest.xml:29:13-31:52
150                android:name="androidx.emoji2.text.EmojiCompatInitializer"
150-->[androidx.emoji2:emoji2:1.2.0] AndroidManifest.xml:30:17-75
151                android:value="androidx.startup" />
151-->[androidx.emoji2:emoji2:1.2.0] AndroidManifest.xml:31:17-49
152            <meta-data
152-->[androidx.lifecycle:lifecycle-process:2.4.1] AndroidManifest.xml:31:13-33:52
153                android:name="androidx.lifecycle.ProcessLifecycleInitializer"
153-->[androidx.lifecycle:lifecycle-process:2.4.1] AndroidManifest.xml:32:17-78
154                android:value="androidx.startup" />
154-->[androidx.lifecycle:lifecycle-process:2.4.1] AndroidManifest.xml:33:17-49
155        </provider>
156    </application>
157
158</manifest>